<?xml version="1.0" encoding="UTF-8"?>
<!-- Generated by org.testng.reporters.JUnitReportReporter -->
<testsuite hostname="DESKTOP-1JNDGSA" failures="0" tests="1" name="prcatice.Maven5.Menytest" time="131.901" errors="0" timestamp="2024-02-23T15:14:59 IST" skipped="0">
  <testcase classname="prcatice.Maven5.Menytest" name="mytest" time="131.901"/>
  <system-out/>
</testsuite> <!-- prcatice.Maven5.Menytest -->
